#
# There is insufficient memory for the Java Runtime Environment to continue.
# Native memory allocation (mmap) failed to map 121634816 bytes for G1 virtual space
# Possible reasons:
#   The system is out of physical RAM or swap space
#   The process is running with CompressedOops enabled, and the Java Heap may be blocking the growth of the native heap
# Possible solutions:
#   Reduce memory load on the system
#   Increase physical memory or swap space
#   Check if swap backing store is full
#   Decrease Java heap size (-Xmx/-Xms)
#   Decrease number of Java threads
#   Decrease Java thread stack sizes (-Xss)
#   Set larger code cache with -XX:ReservedCodeCacheSize=
#   JVM is running with Unscaled Compressed Oops mode in which the Java heap is
#     placed in the first 4GB address space. The Java Heap base address is the
#     maximum limit for the native heap growth. Please use -XX:HeapBaseMinAddress
#     to set the Java Heap base and to place the Java Heap above 4GB virtual address.
# This output file may be truncated or incomplete.
#
#  Out of Memory Error (os_windows.cpp:3548), pid=27312, tid=25916
#
# JRE version:  (17.0.12+8) (build )
# Java VM: Java HotSpot(TM) 64-Bit Server VM (17.0.12+8-LTS-286, mixed mode, emulated-client, sharing, tiered, compressed oops, compressed class ptrs, g1 gc, windows-amd64)
# No core dump will be written. Minidumps are not enabled by default on client versions of Windows
#

---------------  S U M M A R Y ------------

Command Line: -XX:TieredStopAtLevel=1 com.project.BillX.BillXApplication

Host: AMD Ryzen 5 7520U with Radeon Graphics         , 8 cores, 7G,  Windows 11 , 64 bit Build 26100 (10.0.26100.8737)
Time: Mon Jul  6 12:22:06 2026 India Standard Time elapsed time: 1.147474 seconds (0d 0h 0m 1s)

---------------  T H R E A D  ---------------

Current thread (0x000002ab9296a190):  JavaThread "Unknown thread" [_thread_in_vm, id=25916, stack(0x000000b5af200000,0x000000b5af300000)]

Stack: [0x000000b5af200000,0x000000b5af300000]
Native frames: (J=compiled Java code, j=interpreted, Vv=VM code, C=native code)
V  [jvm.dll+0x67a04a]
V  [jvm.dll+0x7da4ed]
V  [jvm.dll+0x7dbe33]
V  [jvm.dll+0x7dc4a3]
V  [jvm.dll+0x24508f]
V  [jvm.dll+0x677089]
V  [jvm.dll+0x66bd32]
V  [jvm.dll+0x301fa6]
V  [jvm.dll+0x309546]
V  [jvm.dll+0x359d2e]
V  [jvm.dll+0x359f5f]
V  [jvm.dll+0x2d9078]
V  [jvm.dll+0x2d9fe4]
V  [jvm.dll+0x7aca21]
V  [jvm.dll+0x367591]
V  [jvm.dll+0x78b999]
V  [jvm.dll+0x3ec83f]
V  [jvm.dll+0x3ee471]
C  [jli.dll+0x5297]
C  [ucrtbase.dll+0x2cd30]
C  [KERNEL32.DLL+0x2e957]
C  [ntdll.dll+0xaad6c]


---------------  P R O C E S S  ---------------

Threads class SMR info:
_java_thread_list=0x00007ffea60e7a18, length=0, elements={
}

Java Threads: ( => current thread )

Other Threads:
  0x000002ab929ca160 GCTaskThread "GC Thread#0" [stack: 0x000000b5af300000,0x000000b5af400000] [id=11236]
  0x000002ab929d98b0 ConcurrentGCThread "G1 Main Marker" [stack: 0x000000b5af400000,0x000000b5af500000] [id=34128]
  0x000002ab929dbfa0 ConcurrentGCThread "G1 Conc#0" [stack: 0x000000b5af500000,0x000000b5af600000] [id=33520]

[error occurred during error reporting (printing all threads), id 0xc0000005, EXCEPTION_ACCESS_VIOLATION (0xc0000005) at pc=0x00007ffea5919b67]

VM state: not at safepoint (not fully initialized)

VM Mutex/Monitor currently owned by a thread:  ([mutex/lock_event])
[0x000002ab92966c40] Heap_lock - owner thread: 0x000002ab9296a190

Heap address: 0x000000008c000000, size: 1856 MB, Compressed Oops mode: 32-bit

CDS archive(s) mapped at: [0x0000000000000000-0x0000000000000000-0x0000000000000000), size 0, SharedBaseAddress: 0x0000000800000000, ArchiveRelocationMode: 1.
Narrow klass base: 0x0000000000000000, Narrow klass shift: 0, Narrow klass range: 0x0

GC Precious Log:
<Empty>

Heap:
 garbage-first heap   total 0K, used 0K [0x000000008c000000, 0x0000000100000000)
  region size 1024K, 0 young (0K), 0 survivors (0K)

[error occurred during error reporting (printing heap information), id 0xc0000005, EXCEPTION_ACCESS_VIOLATION (0xc0000005) at pc=0x00007ffea5d03859]

GC Heap History (0 events):
No events

Deoptimization events (0 events):
No events

Classes unloaded (0 events):
No events

Classes redefined (0 events):
No events

Internal exceptions (0 events):
No events

VM Operations (0 events):
No events

Events (1 events):
Event: 0.008 Loaded shared library C:\Program Files\Java\jdk-17\bin\java.dll


Dynamic libraries:
0x00007ff7491a0000 - 0x00007ff7491b0000 	C:\Program Files\Java\jdk-17\bin\java.exe
0x00007fff45ee0000 - 0x00007fff46146000 	C:\WINDOWS\SYSTEM32\ntdll.dll
0x00007fff44d10000 - 0x00007fff44dd9000 	C:\WINDOWS\System32\KERNEL32.DLL
0x00007fff43510000 - 0x00007fff43910000 	C:\WINDOWS\System32\KERNELBASE.dll
0x00007fff431c0000 - 0x00007fff4330c000 	C:\WINDOWS\System32\ucrtbase.dll
0x00007fff37800000 - 0x00007fff3781b000 	C:\Program Files\Java\jdk-17\bin\VCRUNTIME140.dll
0x00007fff24460000 - 0x00007fff24479000 	C:\Program Files\Java\jdk-17\bin\jli.dll
0x00007fff44c50000 - 0x00007fff44d07000 	C:\WINDOWS\System32\ADVAPI32.dll
0x00007fff44050000 - 0x00007fff440f9000 	C:\WINDOWS\System32\msvcrt.dll
0x00007fff441a0000 - 0x00007fff4424a000 	C:\WINDOWS\System32\sechost.dll
0x00007fff43d50000 - 0x00007fff43e68000 	C:\WINDOWS\System32\RPCRT4.dll
0x00007fff449f0000 - 0x00007fff44bb7000 	C:\WINDOWS\System32\USER32.dll
0x00007fff28200000 - 0x00007fff28492000 	C:\WINDOWS\WinSxS\amd64_microsoft.windows.common-controls_6595b64144ccf1df_6.0.26100.8737_none_3e092eaee333b772\COMCTL32.dll
0x00007fff43a60000 - 0x00007fff43a87000 	C:\WINDOWS\System32\win32u.dll
0x00007fff44100000 - 0x00007fff4412b000 	C:\WINDOWS\System32\GDI32.dll
0x00007fff433e0000 - 0x00007fff43509000 	C:\WINDOWS\System32\gdi32full.dll
0x00007fff43920000 - 0x00007fff439c3000 	C:\WINDOWS\System32\msvcp_win.dll
0x00007fff34090000 - 0x00007fff3409b000 	C:\WINDOWS\SYSTEM32\VERSION.dll
0x00007fff45e60000 - 0x00007fff45e92000 	C:\WINDOWS\System32\IMM32.DLL
0x00007fff35ef0000 - 0x00007fff35efc000 	C:\Program Files\Java\jdk-17\bin\vcruntime140_1.dll
0x00007fff145d0000 - 0x00007fff1465e000 	C:\Program Files\Java\jdk-17\bin\msvcp140.dll
0x00007ffea5630000 - 0x00007ffea6210000 	C:\Program Files\Java\jdk-17\bin\server\jvm.dll
0x00007fff45770000 - 0x00007fff45778000 	C:\WINDOWS\System32\PSAPI.DLL
0x00007fff2c370000 - 0x00007fff2c37a000 	C:\WINDOWS\SYSTEM32\WSOCK32.dll
0x00007fff38160000 - 0x00007fff38196000 	C:\WINDOWS\SYSTEM32\WINMM.dll
0x00007fff44bc0000 - 0x00007fff44c40000 	C:\WINDOWS\System32\WS2_32.dll
0x00007fff41de0000 - 0x00007fff41dfb000 	C:\WINDOWS\SYSTEM32\kernel.appcore.dll
0x00007fff35e20000 - 0x00007fff35e2a000 	C:\Program Files\Java\jdk-17\bin\jimage.dll
0x00007fff34820000 - 0x00007fff34a62000 	C:\WINDOWS\SYSTEM32\DBGHELP.DLL
0x00007fff45980000 - 0x00007fff45d03000 	C:\WINDOWS\System32\combase.dll
0x00007fff45390000 - 0x00007fff45469000 	C:\WINDOWS\System32\OLEAUT32.dll
0x00007fff276b0000 - 0x00007fff276eb000 	C:\WINDOWS\SYSTEM32\dbgcore.DLL
0x00007fff43320000 - 0x00007fff433cc000 	C:\WINDOWS\System32\bcryptPrimitives.dll
0x00007fff1dc00000 - 0x00007fff1dc25000 	C:\Program Files\Java\jdk-17\bin\java.dll

dbghelp: loaded successfully - version: 4.0.5 - missing functions: none
symbol engine: initialized successfully - sym options: 0x614 - pdb path: .;C:\Program Files\Java\jdk-17\bin;C:\WINDOWS\SYSTEM32;C:\WINDOWS\WinSxS\amd64_microsoft.windows.common-controls_6595b64144ccf1df_6.0.26100.8737_none_3e092eaee333b772;C:\Program Files\Java\jdk-17\bin\server

VM Arguments:
jvm_args: -XX:TieredStopAtLevel=1 
java_command: com.project.BillX.BillXApplication
java_class_path (initial): E:\BillX\BillX\Backend\target\classes;C:\Users\varad\.m2\repository\ch\qos\logback\logback-classic\1.5.34\logback-classic-1.5.34.jar;C:\Users\varad\.m2\repository\ch\qos\logback\logback-core\1.5.34\logback-core-1.5.34.jar;C:\Users\varad\.m2\repository\org\apache\logging\log4j\log4j-to-slf4j\2.25.4\log4j-to-slf4j-2.25.4.jar;C:\Users\varad\.m2\repository\org\apache\logging\log4j\log4j-api\2.25.4\log4j-api-2.25.4.jar;C:\Users\varad\.m2\repository\org\slf4j\jul-to-slf4j\2.0.18\jul-to-slf4j-2.0.18.jar;C:\Users\varad\.m2\repository\jakarta\annotation\jakarta.annotation-api\3.0.0\jakarta.annotation-api-3.0.0.jar;C:\Users\varad\.m2\repository\org\yaml\snakeyaml\2.6\snakeyaml-2.6.jar;C:\Users\varad\.m2\repository\com\zaxxer\HikariCP\7.0.2\HikariCP-7.0.2.jar;C:\Users\varad\.m2\repository\org\springframework\boot\spring-boot-data-jpa\4.1.0\spring-boot-data-jpa-4.1.0.jar;C:\Users\varad\.m2\repository\org\springframework\boot\spring-boot-data-commons\4.1.0\spring-boot-data-commons-4.1.0.jar;C:\Users\varad\.m2\repository\org\springframework\boot\spring-boot-persistence\4.1.0\spring-boot-persistence-4.1.0.jar;C:\Users\varad\.m2\repository\org\springframework\data\spring-data-commons\4.1.0\spring-data-commons-4.1.0.jar;C:\Users\varad\.m2\repository\org\springframework\boot\spring-boot-hibernate\4.1.0\spring-boot-hibernate-4.1.0.jar;C:\Users\varad\.m2\repository\org\springframework\boot\spring-boot-jpa\4.1.0\spring-boot-jpa-4.1.0.jar;C:\Users\varad\.m2\repository\jakarta\persistence\jakarta.persistence-api\3.2.0\jakarta.persistence-api-3.2.0.jar;C:\Users\varad\.m2\repository\org\hibernate\orm\hibernate-core\7.4.1.Final\hibernate-core-7.4.1.Final.jar;C:\Users\varad\.m2\repository\jakarta\transaction\jakarta.transaction-api\2.0.1\jakarta.transaction-api-2.0.1.jar;C:\Users\varad\.m2\repository\org\hibernate\models\hibernate-models\1.1.1\hibernate-models-1.1.1.jar;C:\Users\varad\.m2\repository\org\glassfish\jaxb\jaxb-runtime\4.0.9\jaxb-runtime-4.0.9.jar;C:\U
Launcher Type: SUN_STANDARD

[Global flags]
     intx CICompilerCount                          = 4                                         {product} {ergonomic}
     uint ConcGCThreads                            = 2                                         {product} {ergonomic}
     uint G1ConcRefinementThreads                  = 8                                         {product} {ergonomic}
   size_t G1HeapRegionSize                         = 1048576                                   {product} {ergonomic}
    uintx GCDrainStackTargetSize                   = 64                                        {product} {ergonomic}
   size_t InitialHeapSize                          = 121634816                                 {product} {ergonomic}
   size_t MarkStackSize                            = 4194304                                   {product} {ergonomic}
   size_t MaxHeapSize                              = 1946157056                                {product} {ergonomic}
   size_t MinHeapDeltaBytes                        = 1048576                                   {product} {ergonomic}
   size_t MinHeapSize                              = 8388608                                   {product} {ergonomic}
    uintx NonProfiledCodeHeapSize                  = 0                                      {pd product} {ergonomic}
     bool ProfileInterpreter                       = false                                  {pd product} {command line}
    uintx ProfiledCodeHeapSize                     = 0                                      {pd product} {ergonomic}
   size_t SoftMaxHeapSize                          = 1946157056                             {manageable} {ergonomic}
     intx TieredStopAtLevel                        = 1                                         {product} {command line}
     bool UseCompressedClassPointers               = true                           {product lp64_product} {ergonomic}
     bool UseCompressedOops                        = true                           {product lp64_product} {ergonomic}
     bool UseG1GC                                  = true                                      {product} {ergonomic}
     bool UseLargePagesIndividualAllocation        = false                                  {pd product} {ergonomic}

Logging:
Log output configuration:
 #0: stdout all=warning uptime,level,tags
 #1: stderr all=off uptime,level,tags

Environment Variables:
JAVA_HOME=C:\Program Files\Java\jdk-17
PATH=C:\Users\varad\apache-maven-3.9.15-bin\apache-maven-3.9.15\bin;E:\dowloads\Harvestify-master\pyton\Scripts\;E:\dowloads\Harvestify-master\pyton\;C:\Program Files\Python313\Scripts\;C:\Program Files\Python313\;C:\windows\system32;C:\windows;C:\windows\System32\Wbem;C:\windows\System32\WindowsPowerShell\v1.0\;C:\windows\System32\OpenSSH\;C:\WINDOWS\system32;C:\WINDOWS;C:\WINDOWS\System32\Wbem;C:\WINDOWS\System32\WindowsPowerShell\v1.0\;C:\WINDOWS\System32\OpenSSH\;E:\dowloads\Git\cmd;C:\ProgramData\chocolatey\bin;E:\dowloads\;C:\Program Files\Docker\Docker\resources\bin;C:\Program Files\Java\jdk-17\bin;C:\Program Files\Java\jdk-17\bin;C:\Users\varad\AppData\Local\Programs\Python\Python314\Scripts\;C:\Users\varad\AppData\Local\Programs\Python\Python314\;C:\Users\varad\AppData\Local\Microsoft\WindowsApps;C:\Users\varad\AppData\Local\Programs\Microsoft VS Code\bin;E:\cursor\resources\app\bin;C:\Users\varad\AppData\Roaming\npm
USERNAME=varad
LANG=en_US.UTF-8
OS=Windows_NT
PROCESSOR_IDENTIFIER=AMD64 Family 23 Model 160 Stepping 0, AuthenticAMD



---------------  S Y S T E M  ---------------

OS:
 Windows 11 , 64 bit Build 26100 (10.0.26100.8737)
OS uptime: 8 days 21:51 hours
Hyper-V role detected

CPU: total 8 (initial active 8) (8 cores per cpu, 2 threads per core) family 23 model 160 stepping 0 microcode 0x8a0000b, cx8, cmov, fxsr, ht, mmx, 3dnowpref, sse, sse2, sse3, ssse3, sse4a, sse4.1, sse4.2, popcnt, lzcnt, tsc, tscinvbit, avx, avx2, aes, clmul, bmi1, bmi2, adx, sha, fma, vzeroupper, clflush, clflushopt, hv

Memory: 4k page, system-wide physical 7418M (271M free)
TotalPageFile size 29946M (AvailPageFile size 81M)
current process WorkingSet (physical memory assigned to process): 12M, peak: 12M
current process commit charge ("private bytes"): 55M, peak: 171M

vm_info: Java HotSpot(TM) 64-Bit Server VM (17.0.12+8-LTS-286) for windows-amd64 JRE (17.0.12+8-LTS-286), built on Jun  5 2024 06:46:59 by "mach5one" with MS VC++ 17.6 (VS2022)

END.
